[10-Jun-2020 16:52:47 UTC] PHP Parse error:  syntax error, unexpected '}', expecting ',' or ';' in /Users/51024/Local Sites/fictional-university/app/public/wp-content/themes/fictional university theme/index.php on line 4
[10-Jun-2020 19:17:06 UTC] PHP Parse error:  syntax error, unexpected 'wp_enqueue_style' (T_STRING) in /Users/51024/Local Sites/fictional-university/app/public/wp-content/themes/fictional university theme/functions.php on line 5
[10-Jun-2020 19:17:11 UTC] PHP Parse error:  syntax error, unexpected 'wp_enqueue_style' (T_STRING) in /Users/51024/Local Sites/fictional-university/app/public/wp-content/themes/fictional university theme/functions.php on line 5
[10-Jun-2020 20:39:02 UTC] PHP Parse error:  syntax error, unexpected '}' in /Users/51024/Local Sites/fictional-university/app/public/wp-content/themes/fictional university theme/functions.php on line 15
[10-Jun-2020 21:27:20 UTC] PHP Parse error:  syntax error, unexpected '}' in /Users/51024/Local Sites/fictional-university/app/public/wp-content/themes/fictional university theme/page.php on line 39
[11-Jun-2020 20:21:37 UTC] PHP Fatal error:  Uncaught Error: Call to undefined function is_catagory() in /Users/51024/Local Sites/fictional-university/app/public/wp-content/themes/fictional university theme/archive.php:6
Stack trace:
#0 /Users/51024/Local Sites/fictional-university/app/public/wp-includes/template-loader.php(106): include()
#1 /Users/51024/Local Sites/fictional-university/app/public/wp-blog-header.php(19): require_once('/Users/51024/Lo...')
#2 /Users/51024/Local Sites/fictional-university/app/public/index.php(17): require('/Users/51024/Lo...')
#3 {main}
  thrown in /Users/51024/Local Sites/fictional-university/app/public/wp-content/themes/fictional university theme/archive.php on line 6
[11-Jun-2020 20:22:19 UTC] PHP Fatal error:  Uncaught Error: Call to undefined function is_catagory() in /Users/51024/Local Sites/fictional-university/app/public/wp-content/themes/fictional university theme/archive.php:6
Stack trace:
#0 /Users/51024/Local Sites/fictional-university/app/public/wp-includes/template-loader.php(106): include()
#1 /Users/51024/Local Sites/fictional-university/app/public/wp-blog-header.php(19): require_once('/Users/51024/Lo...')
#2 /Users/51024/Local Sites/fictional-university/app/public/index.php(17): require('/Users/51024/Lo...')
#3 {main}
  thrown in /Users/51024/Local Sites/fictional-university/app/public/wp-content/themes/fictional university theme/archive.php on line 6
[11-Jun-2020 20:26:41 UTC] PHP Warning:  Use of undefined constant the_archive_title - assumed 'the_archive_title' (this will throw an Error in a future version of PHP) in /Users/51024/Local Sites/fictional-university/app/public/wp-content/themes/fictional university theme/archive.php on line 6
[11-Jun-2020 20:26:41 UTC] PHP Stack trace:
[11-Jun-2020 20:26:41 UTC] PHP   1. {main}() /Users/51024/Local Sites/fictional-university/app/public/index.php:0
[11-Jun-2020 20:26:41 UTC] PHP   2. require() /Users/51024/Local Sites/fictional-university/app/public/index.php:17
[11-Jun-2020 20:26:41 UTC] PHP   3. require_once() /Users/51024/Local Sites/fictional-university/app/public/wp-blog-header.php:19
[11-Jun-2020 20:26:41 UTC] PHP   4. include() /Users/51024/Local Sites/fictional-university/app/public/wp-includes/template-loader.php:106
[15-Jun-2020 17:45:23 UTC] PHP Parse error:  syntax error, unexpected ')' in /Users/51024/Local Sites/fictional-university/app/public/wp-content/themes/fictional university theme/functions.php on line 32
[15-Jun-2020 21:02:33 UTC] PHP Fatal error:  Uncaught Error: Call to undefined function has_excert() in /Users/51024/Local Sites/fictional-university/app/public/wp-content/themes/fictional university theme/front-page.php:35
Stack trace:
#0 /Users/51024/Local Sites/fictional-university/app/public/wp-includes/template-loader.php(106): include()
#1 /Users/51024/Local Sites/fictional-university/app/public/wp-blog-header.php(19): require_once('/Users/51024/Lo...')
#2 /Users/51024/Local Sites/fictional-university/app/public/index.php(17): require('/Users/51024/Lo...')
#3 {main}
  thrown in /Users/51024/Local Sites/fictional-university/app/public/wp-content/themes/fictional university theme/front-page.php on line 35
[15-Jun-2020 21:02:54 UTC] PHP Fatal error:  Uncaught Error: Call to undefined function has_excert() in /Users/51024/Local Sites/fictional-university/app/public/wp-content/themes/fictional university theme/front-page.php:68
Stack trace:
#0 /Users/51024/Local Sites/fictional-university/app/public/wp-includes/template-loader.php(106): include()
#1 /Users/51024/Local Sites/fictional-university/app/public/wp-blog-header.php(19): require_once('/Users/51024/Lo...')
#2 /Users/51024/Local Sites/fictional-university/app/public/index.php(17): require('/Users/51024/Lo...')
#3 {main}
  thrown in /Users/51024/Local Sites/fictional-university/app/public/wp-content/themes/fictional university theme/front-page.php on line 68
[15-Jun-2020 21:03:29 UTC] PHP Fatal error:  Uncaught Error: Call to undefined function has_excert() in /Users/51024/Local Sites/fictional-university/app/public/wp-content/themes/fictional university theme/front-page.php:35
Stack trace:
#0 /Users/51024/Local Sites/fictional-university/app/public/wp-includes/template-loader.php(106): include()
#1 /Users/51024/Local Sites/fictional-university/app/public/wp-blog-header.php(19): require_once('/Users/51024/Lo...')
#2 /Users/51024/Local Sites/fictional-university/app/public/index.php(17): require('/Users/51024/Lo...')
#3 {main}
  thrown in /Users/51024/Local Sites/fictional-university/app/public/wp-content/themes/fictional university theme/front-page.php on line 35
[15-Jun-2020 21:07:39 UTC] PHP Fatal error:  Uncaught Error: Call to undefined function get_field() in /Users/51024/Local Sites/fictional-university/app/public/wp-content/themes/fictional university theme/front-page.php:29
Stack trace:
#0 /Users/51024/Local Sites/fictional-university/app/public/wp-includes/template-loader.php(106): include()
#1 /Users/51024/Local Sites/fictional-university/app/public/wp-blog-header.php(19): require_once('/Users/51024/Lo...')
#2 /Users/51024/Local Sites/fictional-university/app/public/index.php(17): require('/Users/51024/Lo...')
#3 {main}
  thrown in /Users/51024/Local Sites/fictional-university/app/public/wp-content/themes/fictional university theme/front-page.php on line 29
[15-Jun-2020 21:07:56 UTC] PHP Fatal error:  Uncaught Error: Call to undefined function has_excert() in /Users/51024/Local Sites/fictional-university/app/public/wp-content/themes/fictional university theme/front-page.php:35
Stack trace:
#0 /Users/51024/Local Sites/fictional-university/app/public/wp-includes/template-loader.php(106): include()
#1 /Users/51024/Local Sites/fictional-university/app/public/wp-blog-header.php(19): require_once('/Users/51024/Lo...')
#2 /Users/51024/Local Sites/fictional-university/app/public/index.php(17): require('/Users/51024/Lo...')
#3 {main}
  thrown in /Users/51024/Local Sites/fictional-university/app/public/wp-content/themes/fictional university theme/front-page.php on line 35
[15-Jun-2020 21:08:21 UTC] PHP Fatal error:  Uncaught Error: Call to undefined function has_excert() in /Users/51024/Local Sites/fictional-university/app/public/wp-content/themes/fictional university theme/front-page.php:35
Stack trace:
#0 /Users/51024/Local Sites/fictional-university/app/public/wp-includes/template-loader.php(106): include()
#1 /Users/51024/Local Sites/fictional-university/app/public/wp-blog-header.php(19): require_once('/Users/51024/Lo...')
#2 /Users/51024/Local Sites/fictional-university/app/public/index.php(17): require('/Users/51024/Lo...')
#3 {main}
  thrown in /Users/51024/Local Sites/fictional-university/app/public/wp-content/themes/fictional university theme/front-page.php on line 35
[15-Jun-2020 21:08:25 UTC] PHP Fatal error:  Uncaught Error: Call to undefined function has_excert() in /Users/51024/Local Sites/fictional-university/app/public/wp-content/themes/fictional university theme/front-page.php:35
Stack trace:
#0 /Users/51024/Local Sites/fictional-university/app/public/wp-includes/template-loader.php(106): include()
#1 /Users/51024/Local Sites/fictional-university/app/public/wp-blog-header.php(19): require_once('/Users/51024/Lo...')
#2 /Users/51024/Local Sites/fictional-university/app/public/index.php(17): require('/Users/51024/Lo...')
#3 {main}
  thrown in /Users/51024/Local Sites/fictional-university/app/public/wp-content/themes/fictional university theme/front-page.php on line 35
[15-Jun-2020 21:08:43 UTC] PHP Fatal error:  Uncaught Error: Call to undefined function has_excert() in /Users/51024/Local Sites/fictional-university/app/public/wp-content/themes/fictional university theme/front-page.php:68
Stack trace:
#0 /Users/51024/Local Sites/fictional-university/app/public/wp-includes/template-loader.php(106): include()
#1 /Users/51024/Local Sites/fictional-university/app/public/wp-blog-header.php(19): require_once('/Users/51024/Lo...')
#2 /Users/51024/Local Sites/fictional-university/app/public/index.php(17): require('/Users/51024/Lo...')
#3 {main}
  thrown in /Users/51024/Local Sites/fictional-university/app/public/wp-content/themes/fictional university theme/front-page.php on line 68
[15-Jun-2020 21:08:55 UTC] PHP Fatal error:  Uncaught Error: Call to undefined function has_excert() in /Users/51024/Local Sites/fictional-university/app/public/wp-content/themes/fictional university theme/front-page.php:68
Stack trace:
#0 /Users/51024/Local Sites/fictional-university/app/public/wp-includes/template-loader.php(106): include()
#1 /Users/51024/Local Sites/fictional-university/app/public/wp-blog-header.php(19): require_once('/Users/51024/Lo...')
#2 /Users/51024/Local Sites/fictional-university/app/public/index.php(17): require('/Users/51024/Lo...')
#3 {main}
  thrown in /Users/51024/Local Sites/fictional-university/app/public/wp-content/themes/fictional university theme/front-page.php on line 68
[15-Jun-2020 21:09:08 UTC] PHP Fatal error:  Uncaught Error: Call to undefined function has_excert() in /Users/51024/Local Sites/fictional-university/app/public/wp-content/themes/fictional university theme/front-page.php:68
Stack trace:
#0 /Users/51024/Local Sites/fictional-university/app/public/wp-includes/template-loader.php(106): include()
#1 /Users/51024/Local Sites/fictional-university/app/public/wp-blog-header.php(19): require_once('/Users/51024/Lo...')
#2 /Users/51024/Local Sites/fictional-university/app/public/index.php(17): require('/Users/51024/Lo...')
#3 {main}
  thrown in /Users/51024/Local Sites/fictional-university/app/public/wp-content/themes/fictional university theme/front-page.php on line 68
[15-Jun-2020 21:29:25 UTC] PHP Fatal error:  Uncaught Exception: DateTime::__construct(): Failed to parse time string (17/06/2020) at position 0 (1): Unexpected character in /Users/51024/Local Sites/fictional-university/app/public/wp-content/themes/fictional university theme/front-page.php:31
Stack trace:
#0 /Users/51024/Local Sites/fictional-university/app/public/wp-content/themes/fictional university theme/front-page.php(31): DateTime->__construct('17/06/2020')
#1 /Users/51024/Local Sites/fictional-university/app/public/wp-includes/template-loader.php(106): include('/Users/51024/Lo...')
#2 /Users/51024/Local Sites/fictional-university/app/public/wp-blog-header.php(19): require_once('/Users/51024/Lo...')
#3 /Users/51024/Local Sites/fictional-university/app/public/index.php(17): require('/Users/51024/Lo...')
#4 {main}
  thrown in /Users/51024/Local Sites/fictional-university/app/public/wp-content/themes/fictional university theme/front-page.php on line 31
[15-Jun-2020 21:30:13 UTC] PHP Fatal error:  Uncaught Exception: DateTime::__construct(): Failed to parse time string (17/06/2020) at position 0 (1): Unexpected character in /Users/51024/Local Sites/fictional-university/app/public/wp-content/themes/fictional university theme/front-page.php:31
Stack trace:
#0 /Users/51024/Local Sites/fictional-university/app/public/wp-content/themes/fictional university theme/front-page.php(31): DateTime->__construct('17/06/2020')
#1 /Users/51024/Local Sites/fictional-university/app/public/wp-includes/template-loader.php(106): include('/Users/51024/Lo...')
#2 /Users/51024/Local Sites/fictional-university/app/public/wp-blog-header.php(19): require_once('/Users/51024/Lo...')
#3 /Users/51024/Local Sites/fictional-university/app/public/index.php(17): require('/Users/51024/Lo...')
#4 {main}
  thrown in /Users/51024/Local Sites/fictional-university/app/public/wp-content/themes/fictional university theme/front-page.php on line 31
[15-Jun-2020 21:30:16 UTC] PHP Fatal error:  Uncaught Exception: DateTime::__construct(): Failed to parse time string (17/06/2020) at position 0 (1): Unexpected character in /Users/51024/Local Sites/fictional-university/app/public/wp-content/themes/fictional university theme/front-page.php:31
Stack trace:
#0 /Users/51024/Local Sites/fictional-university/app/public/wp-content/themes/fictional university theme/front-page.php(31): DateTime->__construct('17/06/2020')
#1 /Users/51024/Local Sites/fictional-university/app/public/wp-includes/template-loader.php(106): include('/Users/51024/Lo...')
#2 /Users/51024/Local Sites/fictional-university/app/public/wp-blog-header.php(19): require_once('/Users/51024/Lo...')
#3 /Users/51024/Local Sites/fictional-university/app/public/index.php(17): require('/Users/51024/Lo...')
#4 {main}
  thrown in /Users/51024/Local Sites/fictional-university/app/public/wp-content/themes/fictional university theme/front-page.php on line 31
[15-Jun-2020 21:31:45 UTC] PHP Fatal error:  Uncaught Exception: DateTime::__construct(): Failed to parse time string (17/06/2020) at position 0 (1): Unexpected character in /Users/51024/Local Sites/fictional-university/app/public/wp-content/themes/fictional university theme/front-page.php:31
Stack trace:
#0 /Users/51024/Local Sites/fictional-university/app/public/wp-content/themes/fictional university theme/front-page.php(31): DateTime->__construct('17/06/2020')
#1 /Users/51024/Local Sites/fictional-university/app/public/wp-includes/template-loader.php(106): include('/Users/51024/Lo...')
#2 /Users/51024/Local Sites/fictional-university/app/public/wp-blog-header.php(19): require_once('/Users/51024/Lo...')
#3 /Users/51024/Local Sites/fictional-university/app/public/index.php(17): require('/Users/51024/Lo...')
#4 {main}
  thrown in /Users/51024/Local Sites/fictional-university/app/public/wp-content/themes/fictional university theme/front-page.php on line 31
[15-Jun-2020 21:31:47 UTC] PHP Fatal error:  Uncaught Exception: DateTime::__construct(): Failed to parse time string (17/06/2020) at position 0 (1): Unexpected character in /Users/51024/Local Sites/fictional-university/app/public/wp-content/themes/fictional university theme/front-page.php:31
Stack trace:
#0 /Users/51024/Local Sites/fictional-university/app/public/wp-content/themes/fictional university theme/front-page.php(31): DateTime->__construct('17/06/2020')
#1 /Users/51024/Local Sites/fictional-university/app/public/wp-includes/template-loader.php(106): include('/Users/51024/Lo...')
#2 /Users/51024/Local Sites/fictional-university/app/public/wp-blog-header.php(19): require_once('/Users/51024/Lo...')
#3 /Users/51024/Local Sites/fictional-university/app/public/index.php(17): require('/Users/51024/Lo...')
#4 {main}
  thrown in /Users/51024/Local Sites/fictional-university/app/public/wp-content/themes/fictional university theme/front-page.php on line 31
[15-Jun-2020 21:34:29 UTC] PHP Fatal error:  Uncaught Exception: DateTime::__construct(): Failed to parse time string (17/06/2020) at position 0 (1): Unexpected character in /Users/51024/Local Sites/fictional-university/app/public/wp-content/themes/fictional university theme/front-page.php:31
Stack trace:
#0 /Users/51024/Local Sites/fictional-university/app/public/wp-content/themes/fictional university theme/front-page.php(31): DateTime->__construct('17/06/2020')
#1 /Users/51024/Local Sites/fictional-university/app/public/wp-includes/template-loader.php(106): include('/Users/51024/Lo...')
#2 /Users/51024/Local Sites/fictional-university/app/public/wp-blog-header.php(19): require_once('/Users/51024/Lo...')
#3 /Users/51024/Local Sites/fictional-university/app/public/index.php(17): require('/Users/51024/Lo...')
#4 {main}
  thrown in /Users/51024/Local Sites/fictional-university/app/public/wp-content/themes/fictional university theme/front-page.php on line 31
[15-Jun-2020 21:34:48 UTC] PHP Fatal error:  Uncaught Exception: DateTime::__construct(): Failed to parse time string (17/06/2020) at position 0 (1): Unexpected character in /Users/51024/Local Sites/fictional-university/app/public/wp-content/themes/fictional university theme/front-page.php:31
Stack trace:
#0 /Users/51024/Local Sites/fictional-university/app/public/wp-content/themes/fictional university theme/front-page.php(31): DateTime->__construct('17/06/2020')
#1 /Users/51024/Local Sites/fictional-university/app/public/wp-includes/template-loader.php(106): include('/Users/51024/Lo...')
#2 /Users/51024/Local Sites/fictional-university/app/public/wp-blog-header.php(19): require_once('/Users/51024/Lo...')
#3 /Users/51024/Local Sites/fictional-university/app/public/index.php(17): require('/Users/51024/Lo...')
#4 {main}
  thrown in /Users/51024/Local Sites/fictional-university/app/public/wp-content/themes/fictional university theme/front-page.php on line 31
[15-Jun-2020 21:35:04 UTC] PHP Fatal error:  Uncaught Exception: DateTime::__construct(): Failed to parse time string (17/06/2020) at position 0 (1): Unexpected character in /Users/51024/Local Sites/fictional-university/app/public/wp-content/themes/fictional university theme/front-page.php:31
Stack trace:
#0 /Users/51024/Local Sites/fictional-university/app/public/wp-content/themes/fictional university theme/front-page.php(31): DateTime->__construct('17/06/2020')
#1 /Users/51024/Local Sites/fictional-university/app/public/wp-includes/template-loader.php(106): include('/Users/51024/Lo...')
#2 /Users/51024/Local Sites/fictional-university/app/public/wp-blog-header.php(19): require_once('/Users/51024/Lo...')
#3 /Users/51024/Local Sites/fictional-university/app/public/index.php(17): require('/Users/51024/Lo...')
#4 {main}
  thrown in /Users/51024/Local Sites/fictional-university/app/public/wp-content/themes/fictional university theme/front-page.php on line 31
[15-Jun-2020 21:36:32 UTC] PHP Fatal error:  Uncaught Exception: DateTime::__construct(): Failed to parse time string (17/06/2020) at position 0 (1): Unexpected character in /Users/51024/Local Sites/fictional-university/app/public/wp-content/themes/fictional university theme/front-page.php:29
Stack trace:
#0 /Users/51024/Local Sites/fictional-university/app/public/wp-content/themes/fictional university theme/front-page.php(29): DateTime->__construct('17/06/2020')
#1 /Users/51024/Local Sites/fictional-university/app/public/wp-includes/template-loader.php(106): include('/Users/51024/Lo...')
#2 /Users/51024/Local Sites/fictional-university/app/public/wp-blog-header.php(19): require_once('/Users/51024/Lo...')
#3 /Users/51024/Local Sites/fictional-university/app/public/index.php(17): require('/Users/51024/Lo...')
#4 {main}
  thrown in /Users/51024/Local Sites/fictional-university/app/public/wp-content/themes/fictional university theme/front-page.php on line 29
[15-Jun-2020 21:38:15 UTC] PHP Fatal error:  Uncaught Error: Call to a member function format() on null in /Users/51024/Local Sites/fictional-university/app/public/wp-content/themes/fictional university theme/front-page.php:29
Stack trace:
#0 /Users/51024/Local Sites/fictional-university/app/public/wp-includes/template-loader.php(106): include()
#1 /Users/51024/Local Sites/fictional-university/app/public/wp-blog-header.php(19): require_once('/Users/51024/Lo...')
#2 /Users/51024/Local Sites/fictional-university/app/public/index.php(17): require('/Users/51024/Lo...')
#3 {main}
  thrown in /Users/51024/Local Sites/fictional-university/app/public/wp-content/themes/fictional university theme/front-page.php on line 29
[15-Jun-2020 21:38:18 UTC] PHP Fatal error:  Uncaught Error: Call to a member function format() on null in /Users/51024/Local Sites/fictional-university/app/public/wp-content/themes/fictional university theme/front-page.php:29
Stack trace:
#0 /Users/51024/Local Sites/fictional-university/app/public/wp-includes/template-loader.php(106): include()
#1 /Users/51024/Local Sites/fictional-university/app/public/wp-blog-header.php(19): require_once('/Users/51024/Lo...')
#2 /Users/51024/Local Sites/fictional-university/app/public/index.php(17): require('/Users/51024/Lo...')
#3 {main}
  thrown in /Users/51024/Local Sites/fictional-university/app/public/wp-content/themes/fictional university theme/front-page.php on line 29
[15-Jun-2020 21:38:27 UTC] PHP Fatal error:  Uncaught Exception: DateTime::__construct(): Failed to parse time string (17/06/2020) at position 0 (1): Unexpected character in /Users/51024/Local Sites/fictional-university/app/public/wp-content/themes/fictional university theme/front-page.php:29
Stack trace:
#0 /Users/51024/Local Sites/fictional-university/app/public/wp-content/themes/fictional university theme/front-page.php(29): DateTime->__construct('17/06/2020')
#1 /Users/51024/Local Sites/fictional-university/app/public/wp-includes/template-loader.php(106): include('/Users/51024/Lo...')
#2 /Users/51024/Local Sites/fictional-university/app/public/wp-blog-header.php(19): require_once('/Users/51024/Lo...')
#3 /Users/51024/Local Sites/fictional-university/app/public/index.php(17): require('/Users/51024/Lo...')
#4 {main}
  thrown in /Users/51024/Local Sites/fictional-university/app/public/wp-content/themes/fictional university theme/front-page.php on line 29
[15-Jun-2020 21:40:04 UTC] PHP Fatal error:  Uncaught Exception: DateTime::__construct(): Failed to parse time string (17/06/2020) at position 0 (1): Unexpected character in /Users/51024/Local Sites/fictional-university/app/public/wp-content/themes/fictional university theme/front-page.php:29
Stack trace:
#0 /Users/51024/Local Sites/fictional-university/app/public/wp-content/themes/fictional university theme/front-page.php(29): DateTime->__construct('17/06/2020')
#1 /Users/51024/Local Sites/fictional-university/app/public/wp-includes/template-loader.php(106): include('/Users/51024/Lo...')
#2 /Users/51024/Local Sites/fictional-university/app/public/wp-blog-header.php(19): require_once('/Users/51024/Lo...')
#3 /Users/51024/Local Sites/fictional-university/app/public/index.php(17): require('/Users/51024/Lo...')
#4 {main}
  thrown in /Users/51024/Local Sites/fictional-university/app/public/wp-content/themes/fictional university theme/front-page.php on line 29
[15-Jun-2020 21:40:23 UTC] PHP Fatal error:  Uncaught Error: Call to a member function format() on null in /Users/51024/Local Sites/fictional-university/app/public/wp-content/themes/fictional university theme/front-page.php:35
Stack trace:
#0 /Users/51024/Local Sites/fictional-university/app/public/wp-includes/template-loader.php(106): include()
#1 /Users/51024/Local Sites/fictional-university/app/public/wp-blog-header.php(19): require_once('/Users/51024/Lo...')
#2 /Users/51024/Local Sites/fictional-university/app/public/index.php(17): require('/Users/51024/Lo...')
#3 {main}
  thrown in /Users/51024/Local Sites/fictional-university/app/public/wp-content/themes/fictional university theme/front-page.php on line 35
[15-Jun-2020 21:41:01 UTC] PHP Fatal error:  Uncaught Exception: DateTime::__construct(): Failed to parse time string (17/06/2020) at position 0 (1): Unexpected character in /Users/51024/Local Sites/fictional-university/app/public/wp-content/themes/fictional university theme/front-page.php:29
Stack trace:
#0 /Users/51024/Local Sites/fictional-university/app/public/wp-content/themes/fictional university theme/front-page.php(29): DateTime->__construct('17/06/2020')
#1 /Users/51024/Local Sites/fictional-university/app/public/wp-includes/template-loader.php(106): include('/Users/51024/Lo...')
#2 /Users/51024/Local Sites/fictional-university/app/public/wp-blog-header.php(19): require_once('/Users/51024/Lo...')
#3 /Users/51024/Local Sites/fictional-university/app/public/index.php(17): require('/Users/51024/Lo...')
#4 {main}
  thrown in /Users/51024/Local Sites/fictional-university/app/public/wp-content/themes/fictional university theme/front-page.php on line 29
[15-Jun-2020 21:41:07 UTC] PHP Fatal error:  Uncaught Exception: DateTime::__construct(): Failed to parse time string (17/06/2020) at position 0 (1): Unexpected character in /Users/51024/Local Sites/fictional-university/app/public/wp-content/themes/fictional university theme/front-page.php:29
Stack trace:
#0 /Users/51024/Local Sites/fictional-university/app/public/wp-content/themes/fictional university theme/front-page.php(29): DateTime->__construct('17/06/2020')
#1 /Users/51024/Local Sites/fictional-university/app/public/wp-includes/template-loader.php(106): include('/Users/51024/Lo...')
#2 /Users/51024/Local Sites/fictional-university/app/public/wp-blog-header.php(19): require_once('/Users/51024/Lo...')
#3 /Users/51024/Local Sites/fictional-university/app/public/index.php(17): require('/Users/51024/Lo...')
#4 {main}
  thrown in /Users/51024/Local Sites/fictional-university/app/public/wp-content/themes/fictional university theme/front-page.php on line 29
[15-Jun-2020 21:42:09 UTC] PHP Fatal error:  Uncaught Exception: DateTime::__construct(): Failed to parse time string (17/06/2020) at position 0 (1): Unexpected character in /Users/51024/Local Sites/fictional-university/app/public/wp-content/themes/fictional university theme/front-page.php:29
Stack trace:
#0 /Users/51024/Local Sites/fictional-university/app/public/wp-content/themes/fictional university theme/front-page.php(29): DateTime->__construct('17/06/2020')
#1 /Users/51024/Local Sites/fictional-university/app/public/wp-includes/template-loader.php(106): include('/Users/51024/Lo...')
#2 /Users/51024/Local Sites/fictional-university/app/public/wp-blog-header.php(19): require_once('/Users/51024/Lo...')
#3 /Users/51024/Local Sites/fictional-university/app/public/index.php(17): require('/Users/51024/Lo...')
#4 {main}
  thrown in /Users/51024/Local Sites/fictional-university/app/public/wp-content/themes/fictional university theme/front-page.php on line 29
[15-Jun-2020 21:46:12 UTC] PHP Fatal error:  Uncaught Exception: DateTime::__construct(): Failed to parse time string (17/06/2020) at position 0 (1): Unexpected character in /Users/51024/Local Sites/fictional-university/app/public/wp-content/themes/fictional university theme/front-page.php:30
Stack trace:
#0 /Users/51024/Local Sites/fictional-university/app/public/wp-content/themes/fictional university theme/front-page.php(30): DateTime->__construct('17/06/2020')
#1 /Users/51024/Local Sites/fictional-university/app/public/wp-includes/template-loader.php(106): include('/Users/51024/Lo...')
#2 /Users/51024/Local Sites/fictional-university/app/public/wp-blog-header.php(19): require_once('/Users/51024/Lo...')
#3 /Users/51024/Local Sites/fictional-university/app/public/index.php(17): require('/Users/51024/Lo...')
#4 {main}
  thrown in /Users/51024/Local Sites/fictional-university/app/public/wp-content/themes/fictional university theme/front-page.php on line 30
[15-Jun-2020 21:47:06 UTC] PHP Fatal error:  Uncaught Exception: DateTime::__construct(): Failed to parse time string (17/06/2020) at position 0 (1): Unexpected character in /Users/51024/Local Sites/fictional-university/app/public/wp-content/themes/fictional university theme/front-page.php:30
Stack trace:
#0 /Users/51024/Local Sites/fictional-university/app/public/wp-content/themes/fictional university theme/front-page.php(30): DateTime->__construct('17/06/2020')
#1 /Users/51024/Local Sites/fictional-university/app/public/wp-includes/template-loader.php(106): include('/Users/51024/Lo...')
#2 /Users/51024/Local Sites/fictional-university/app/public/wp-blog-header.php(19): require_once('/Users/51024/Lo...')
#3 /Users/51024/Local Sites/fictional-university/app/public/index.php(17): require('/Users/51024/Lo...')
#4 {main}
  thrown in /Users/51024/Local Sites/fictional-university/app/public/wp-content/themes/fictional university theme/front-page.php on line 30
[15-Jun-2020 22:05:09 UTC] PHP Parse error:  syntax error, unexpected '?>', expecting ')' in /Users/51024/Local Sites/fictional-university/app/public/wp-content/themes/fictional university theme/functions.php on line 27
[15-Jun-2020 22:40:53 UTC] PHP Parse error:  syntax error, unexpected '}' in /Users/51024/Local Sites/fictional-university/app/public/wp-content/themes/fictional university theme/functions.php on line 30
